\BOOKMARK [1][-]{section*.7}{\376\377\000\040\000D\000A\000N\000H\000\040\000M\036\344\000C\000\040\000K\000\335\000\040\000H\000I\036\306\000U\000\040\000V\000\300\000\040\000C\000H\036\356\000\040\000V\000I\036\276\000T\000\040\000T\036\256\000T}{}% 1
\BOOKMARK [1][-]{section*.8}{\376\377\000\040\000D\000A\000N\000H\000\040\000M\036\344\000C\000\040\000H\000\314\000N\000H\000\040\000V\036\274}{}% 2
\BOOKMARK [1][-]{section*.9}{\376\377\000\040\000D\000A\000N\000H\000\040\000M\036\344\000C\000\040\000B\036\242\000N\000G\000\040\000B\000I\036\302\000U}{}% 3
\BOOKMARK [1][-]{section*.10}{\376\377\000T\000\323\000M\000\040\000T\036\256\000T\000\040\001\020\036\322\000\040\000\301\000N}{}% 4
\BOOKMARK [1][-]{section*.10}{\376\377\000C\000H\001\257\001\240\000N\000G\000\040\0001\000.\000\040\000C\000H\001\257\001\240\000N\000G\000\040\000M\036\336\000\040\001\020\036\246\000U}{}% 5
\BOOKMARK [1][-]{section*.10}{\376\377\000C\000H\001\257\001\240\000N\000G\000\040\0002\000.\000\040\000C\001\240\000\040\000S\036\336\000\040\000L\000\335\000\040\000T\000H\000U\000Y\036\276\000T}{}% 6
\BOOKMARK [2][-]{subsection.2.1}{\376\377\000M\036\331\000t\000\040\000s\036\321\000\040\000l\001\260\000u\000\040\000\375\000\040\000k\000h\000i\000\040\000t\000r\000\354\000n\000h\000\040\000b\000\340\000y\000\040\001\021\036\323\000\040\000\341\000n}{section*.10}% 7
\BOOKMARK [3][-]{subsubsection.2.1.1}{\376\377\000N\036\331\000p\000\040\001\021\036\323\000\040\000\341\000n}{subsection.2.1}% 8
\BOOKMARK [3][-]{subsubsection.2.1.2}{\376\377\000P\000h\036\345\000\040\000l\036\345\000c}{subsection.2.1}% 9
\BOOKMARK [3][-]{subsubsection.2.1.3}{\376\377\000T\000\340\000i\000\040\000l\000i\036\307\000u\000\040\000t\000h\000a\000m\000\040\000k\000h\036\243\000o}{subsection.2.1}% 10
\BOOKMARK [3][-]{subsubsection.2.1.4}{\376\377\001\020\000\341\000n\000h\000\040\000s\036\321\000\040\000p\000h\001\260\001\241\000n\000g\000\040\000t\000r\000\354\000n\000h}{subsection.2.1}% 11
\BOOKMARK [3][-]{subsubsection.2.1.5}{\376\377\001\020\000\341\000n\000h\000\040\000s\036\321\000\040\001\021\036\313\000n\000h\000\040\000n\000g\000h\001\051\000a\000,\000\040\001\021\036\313\000n\000h\000\040\000l\000\375\000,\000\040\000h\036\307\000\040\000q\000u\036\243}{subsection.2.1}% 12
\BOOKMARK [1][-]{subsubsection.2.1.5}{\376\377\000C\000H\001\257\001\240\000N\000G\000\040\0003\000.\000\040\000T\000H\000U\036\254\000T\000\040\000T\000O\000\301\000N}{}% 13
\BOOKMARK [2][-]{subsection.3.1}{\376\377\000C\000\341\000c\000h\000\040\000c\000h\000\350\000n\000\040\036\243\000n\000h}{subsubsection.2.1.5}% 14
\BOOKMARK [2][-]{subsection.3.2}{\376\377\000C\000\341\000c\000h\000\040\000t\036\241\000o\000\040\000b\036\243\000n\000g}{subsubsection.2.1.5}% 15
\BOOKMARK [2][-]{subsection.3.3}{\376\377\000C\000\341\000c\000h\000\040\000v\000i\036\277\000t\000\040\000p\000h\001\260\001\241\000n\000g\000\040\000t\000r\000\354\000n\000h}{subsubsection.2.1.5}% 16
\BOOKMARK [2][-]{subsection.3.4}{\376\377\000C\000\341\000c\000h\000\040\000v\000i\036\277\000t\000\040\001\021\036\313\000n\000h\000\040\000n\000g\000h\001\051\000a\000,\000\040\001\021\036\313\000n\000h\000\040\000l\000\375\000,\000\040\000h\036\307\000\040\000q\000u\036\243\000,\000\040\000b\036\325\000\040\001\021\036\301\000,\000.\000.\000.}{subsubsection.2.1.5}% 17
\BOOKMARK [1][-]{theorem.3.4}{\376\377\000C\000H\001\257\001\240\000N\000G\000\040\0004\000.\000\040\000T\000H\000\315\000\040\000N\000G\000H\000I\036\306\000M\000\040\000V\000\300\000\040\000K\036\276\000T\000\040\000Q\000U\036\242}{}% 18
\BOOKMARK [1][-]{section*.14}{\376\377\000K\036\276\000T\000\040\000L\000U\036\254\000N}{}% 19
\BOOKMARK [1][-]{section*.15}{\376\377\000K\036\277\000t\000\040\000l\000u\036\255\000n\000\040\000c\000h\000u\000n\000g}{}% 20
\BOOKMARK [1][-]{section*.16}{\376\377\000H\001\260\036\333\000n\000g\000\040\000p\000h\000\341\000t\000\040\000t\000r\000i\036\303\000n}{}% 21
\BOOKMARK [1][-]{section*.17}{\376\377\000K\000i\036\277\000n\000\040\000n\000g\000h\036\313\000\040\000v\000\340\000\040\001\021\036\301\000\040\000x\000u\036\245\000t}{}% 22
\BOOKMARK [1][-]{section*.18}{\376\377\000T\000\300\000I\000\040\000L\000I\036\306\000U\000\040\000T\000H\000A\000M\000\040\000K\000H\036\242\000O}{}% 23
\BOOKMARK [1][-]{section*.19}{\376\377\000\040\000P\000H\036\344\000\040\000L\036\344\000C}{}% 24
